25-Nov-2025 01:28:00.500 INFO [main] org.apache.catalina.startup.VersionLoggerListener.log Server version name:   Apache Tomcat/10.1.30
25-Nov-2025 01:28:00.509 INFO [main] org.apache.catalina.startup.VersionLoggerListener.log Server built:          Sep 13 2024 20:26:16 UTC
25-Nov-2025 01:28:00.509 INFO [main] org.apache.catalina.startup.VersionLoggerListener.log Server version number: 10.1.30.0
25-Nov-2025 01:28:00.509 INFO [main] org.apache.catalina.startup.VersionLoggerListener.log OS Name:               Linux
25-Nov-2025 01:28:00.509 INFO [main] org.apache.catalina.startup.VersionLoggerListener.log OS Version:            5.15.0-139-generic
25-Nov-2025 01:28:00.509 INFO [main] org.apache.catalina.startup.VersionLoggerListener.log Architecture:          amd64
25-Nov-2025 01:28:00.510 INFO [main] org.apache.catalina.startup.VersionLoggerListener.log Java Home:             /opt/jre-minimal
25-Nov-2025 01:28:00.510 INFO [main] org.apache.catalina.startup.VersionLoggerListener.log JVM Version:           17.0.17+10-LTS
25-Nov-2025 01:28:00.510 INFO [main] org.apache.catalina.startup.VersionLoggerListener.log JVM Vendor:            Amazon.com Inc.
25-Nov-2025 01:28:00.510 INFO [main] org.apache.catalina.startup.VersionLoggerListener.log CATALINA_BASE:         /usr/local/tomcat
25-Nov-2025 01:28:00.510 INFO [main] org.apache.catalina.startup.VersionLoggerListener.log CATALINA_HOME:         /usr/local/tomcat
25-Nov-2025 01:28:00.531 INFO [main] org.apache.catalina.startup.VersionLoggerListener.log Command line argument: -Djava.util.logging.config.file=/usr/local/tomcat/conf/logging.properties
25-Nov-2025 01:28:00.531 INFO [main] org.apache.catalina.startup.VersionLoggerListener.log Command line argument: -Djava.util.logging.manager=org.apache.juli.ClassLoaderLogManager
25-Nov-2025 01:28:00.531 INFO [main] org.apache.catalina.startup.VersionLoggerListener.log Command line argument: -Djdk.tls.ephemeralDHKeySize=2048
25-Nov-2025 01:28:00.531 INFO [main] org.apache.catalina.startup.VersionLoggerListener.log Command line argument: -Djava.protocol.handler.pkgs=org.apache.catalina.webresources
25-Nov-2025 01:28:00.531 INFO [main] org.apache.catalina.startup.VersionLoggerListener.log Command line argument: -Dorg.apache.catalina.security.SecurityListener.UMASK=0027
25-Nov-2025 01:28:00.531 INFO [main] org.apache.catalina.startup.VersionLoggerListener.log Command line argument: --add-opens=java.base/java.lang=ALL-UNNAMED
25-Nov-2025 01:28:00.532 INFO [main] org.apache.catalina.startup.VersionLoggerListener.log Command line argument: --add-opens=java.base/java.io=ALL-UNNAMED
25-Nov-2025 01:28:00.532 INFO [main] org.apache.catalina.startup.VersionLoggerListener.log Command line argument: --add-opens=java.base/java.util=ALL-UNNAMED
25-Nov-2025 01:28:00.532 INFO [main] org.apache.catalina.startup.VersionLoggerListener.log Command line argument: --add-opens=java.base/java.util.concurrent=ALL-UNNAMED
25-Nov-2025 01:28:00.532 INFO [main] org.apache.catalina.startup.VersionLoggerListener.log Command line argument: --add-opens=java.rmi/sun.rmi.transport=ALL-UNNAMED
25-Nov-2025 01:28:00.532 INFO [main] org.apache.catalina.startup.VersionLoggerListener.log Command line argument: -DDB_HOST=
25-Nov-2025 01:28:00.533 INFO [main] org.apache.catalina.startup.VersionLoggerListener.log Command line argument: -DDB_PORT=
25-Nov-2025 01:28:00.533 INFO [main] org.apache.catalina.startup.VersionLoggerListener.log Command line argument: -DDB_NAME=
25-Nov-2025 01:28:00.533 INFO [main] org.apache.catalina.startup.VersionLoggerListener.log Command line argument: -DDB_USER=
25-Nov-2025 01:28:00.533 INFO [main] org.apache.catalina.startup.VersionLoggerListener.log Command line argument: -DDB_PASSWORD=
25-Nov-2025 01:28:00.533 INFO [main] org.apache.catalina.startup.VersionLoggerListener.log Command line argument: -Dcatalina.base=/usr/local/tomcat
25-Nov-2025 01:28:00.533 INFO [main] org.apache.catalina.startup.VersionLoggerListener.log Command line argument: -Dcatalina.home=/usr/local/tomcat
25-Nov-2025 01:28:00.533 INFO [main] org.apache.catalina.startup.VersionLoggerListener.log Command line argument: -Djava.io.tmpdir=/usr/local/tomcat/temp
25-Nov-2025 01:28:00.537 INFO [main] org.apache.catalina.core.AprLifecycleListener.lifecycleEvent The Apache Tomcat Native library which allows using OpenSSL was not found on the java.library.path: [/opt/jre-minimal/lib/server:/opt/jre-minimal/lib:/opt/jre-minimal/../lib:/usr/java/packages/lib:/usr/lib64:/lib64:/lib:/usr/lib]
25-Nov-2025 01:28:00.780 INFO [main] org.apache.coyote.AbstractProtocol.init Initializing ProtocolHandler ["http-nio-8080"]
25-Nov-2025 01:28:00.819 INFO [main] org.apache.catalina.startup.Catalina.load Server initialization in [591] milliseconds
25-Nov-2025 01:28:00.865 INFO [main] org.apache.catalina.core.StandardService.startInternal Starting service [Catalina]
25-Nov-2025 01:28:00.866 INFO [main] org.apache.catalina.core.StandardEngine.startInternal Starting Servlet engine: [Apache Tomcat/10.1.30]
25-Nov-2025 01:28:00.882 INFO [main] org.apache.catalina.startup.HostConfig.deployWAR Deploying web application archive [/usr/local/tomcat/webapps/ROOT.war]
25-Nov-2025 01:28:01.819 INFO [main] org.apache.jasper.servlet.TldScanner.scanJars At least one JAR was scanned for TLDs yet contained no TLDs. Enable debug logging for this logger for a complete list of JARs that were scanned but no TLDs were found in them. Skipping unneeded JARs during scanning can improve startup time and JSP compilation time.
25-Nov-2025 01:28:01.887 INFO [main] org.apache.catalina.startup.HostConfig.deployWAR Deployment of web application archive [/usr/local/tomcat/webapps/ROOT.war] has finished in [1,004] ms
25-Nov-2025 01:28:01.893 INFO [main] org.apache.coyote.AbstractProtocol.start Starting ProtocolHandler ["http-nio-8080"]
25-Nov-2025 01:28:01.903 INFO [main] org.apache.catalina.startup.Catalina.start Server startup in [1082] milliseconds
