29-Nov-2025 10:06:24.345 INFO [Thread-1] org.apache.coyote.AbstractProtocol.pause Pausing ProtocolHandler ["http-nio-8080"]
29-Nov-2025 10:06:24.758 INFO [Thread-1] org.apache.catalina.core.StandardService.stopInternal Stopping service [Catalina]
29-Nov-2025 10:06:25.080 WARNING [Thread-1] org.apache.catalina.loader.WebappClassLoaderBase.clearReferencesThreads The web application [ROOT] appears to have started a thread named [mysql-cj-abandoned-connection-cleanup] but has failed to stop it. This is very likely to create a memory leak. Stack trace of thread:
 org.apache.catalina.webresources.CachedResource.<init>(CachedResource.java:79)
 org.apache.catalina.webresources.Cache.getResource(Cache.java:87)
 org.apache.catalina.webresources.StandardRoot.getResource(StandardRoot.java:211)
 org.apache.catalina.webresources.StandardRoot.getClassLoaderResource(StandardRoot.java:220)
 org.apache.catalina.loader.WebappClassLoaderBase.findResource(WebappClassLoaderBase.java:862)
 org.apache.catalina.loader.WebappClassLoaderBase.getResource(WebappClassLoaderBase.java:971)
 com.mysql.cj.jdbc.AbandonedConnectionCleanupThread.checkThreadContextClassLoader(AbandonedConnectionCleanupThread.java:123)
 com.mysql.cj.jdbc.AbandonedConnectionCleanupThread.run(AbandonedConnectionCleanupThread.java:90)
 java.base@17.0.17/java.util.concurrent.ThreadPoolExecutor.runWorker(Unknown Source)
 java.base@17.0.17/java.util.concurrent.ThreadPoolExecutor$Worker.run(Unknown Source)
 java.base@17.0.17/java.lang.Thread.run(Unknown Source)
29-Nov-2025 10:06:25.108 INFO [Thread-1] org.apache.catalina.loader.WebappClassLoaderBase.clearReferencesRmiTargets Failed to find class sun.rmi.transport.Target to clear context class loader for web application [ROOT]. This is expected on non-Sun JVMs.
	java.lang.ClassNotFoundException: sun.rmi.transport.Target
		at java.base/java.net.URLClassLoader.findClass(Unknown Source)
		at java.base/java.lang.ClassLoader.loadClass(Unknown Source)
		at java.base/java.lang.ClassLoader.loadClass(Unknown Source)
		at java.base/java.lang.Class.forName0(Native Method)
		at java.base/java.lang.Class.forName(Unknown Source)
		at org.apache.catalina.loader.WebappClassLoaderBase.clearReferencesRmiTargets(WebappClassLoaderBase.java:2042)
		at org.apache.catalina.loader.WebappClassLoaderBase.clearReferences(WebappClassLoaderBase.java:1567)
		at org.apache.catalina.loader.WebappClassLoaderBase.stop(WebappClassLoaderBase.java:1487)
		at org.apache.catalina.loader.WebappLoader.stopInternal(WebappLoader.java:374)
		at org.apache.catalina.util.LifecycleBase.stop(LifecycleBase.java:231)
		at org.apache.catalina.core.StandardContext.stopInternal(StandardContext.java:4685)
		at org.apache.catalina.util.LifecycleBase.stop(LifecycleBase.java:231)
		at org.apache.catalina.core.ContainerBase$StopChild.call(ContainerBase.java:1219)
		at org.apache.catalina.core.ContainerBase$StopChild.call(ContainerBase.java:1208)
		at java.base/java.util.concurrent.FutureTask.run(Unknown Source)
		at org.apache.tomcat.util.threads.InlineExecutorService.execute(InlineExecutorService.java:75)
		at java.base/java.util.concurrent.AbstractExecutorService.submit(Unknown Source)
		at org.apache.catalina.core.ContainerBase.stopInternal(ContainerBase.java:814)
		at org.apache.catalina.util.LifecycleBase.stop(LifecycleBase.java:231)
		at org.apache.catalina.core.ContainerBase$StopChild.call(ContainerBase.java:1219)
		at org.apache.catalina.core.ContainerBase$StopChild.call(ContainerBase.java:1208)
		at java.base/java.util.concurrent.FutureTask.run(Unknown Source)
		at org.apache.tomcat.util.threads.InlineExecutorService.execute(InlineExecutorService.java:75)
		at java.base/java.util.concurrent.AbstractExecutorService.submit(Unknown Source)
		at org.apache.catalina.core.ContainerBase.stopInternal(ContainerBase.java:814)
		at org.apache.catalina.util.LifecycleBase.stop(LifecycleBase.java:231)
		at org.apache.catalina.core.StandardService.stopInternal(StandardService.java:471)
		at org.apache.catalina.util.LifecycleBase.stop(LifecycleBase.java:231)
		at org.apache.catalina.core.StandardServer.stopInternal(StandardServer.java:915)
		at org.apache.catalina.util.LifecycleBase.stop(LifecycleBase.java:231)
		at org.apache.catalina.startup.Catalina.stop(Catalina.java:832)
		at org.apache.catalina.startup.Catalina$CatalinaShutdownHook.run(Catalina.java:969)
29-Nov-2025 10:06:25.151 INFO [Thread-1] org.apache.coyote.AbstractProtocol.stop Stopping ProtocolHandler ["http-nio-8080"]
29-Nov-2025 10:06:25.333 INFO [Thread-1] org.apache.coyote.AbstractProtocol.destroy Destroying ProtocolHandler ["http-nio-8080"]
